
 query_bigquery 1: Get total number of orders
Total Rows: 1
First 10 Rows:
+---------------+
|   order_count |
+===============+
|        124658 |
+---------------+

 query_bigquery 2: Give me the total sales revenue
Total Rows: 1
First 10 Rows:
+-----------------+
|   total_revenue |
+=================+
|     1.08064e+07 |
+-----------------+

 query_bigquery 3: Give me sales revenue by order item status
Total Rows: 5
First 10 Rows:
+-----------------+------------+
|   total_revenue | status     |
+=================+============+
|     2.69119e+06 | Complete   |
+-----------------+------------+
|     2.17318e+06 | Processing |
+-----------------+------------+
|     3.24554e+06 | Shipped    |
+-----------------+------------+
|     1.6308e+06  | Cancelled  |
+-----------------+------------+
|     1.06572e+06 | Returned   |
+-----------------+------------+

 query_bigquery 4: Show me the sales revenue for order items with status complete
Total Rows: 1
First 10 Rows:
+-----------------+
|   total_revenue |
+=================+
|     2.69119e+06 |
+-----------------+

 query_bigquery 5: Show me the number of orders with more than 1 items
Total Rows: 1
First 10 Rows:
+-------------------+
|   count_of_orders |
+===================+
|             37248 |
+-------------------+

 query_bigquery 6: Show me the number of complete orders made by women
Total Rows: 1
First 10 Rows:
+-------------------+
|   count_of_orders |
+===================+
|             15572 |
+-------------------+

 query_bigquery 7: Show me the orders with value over $1000
Total Rows: 57
First 10 Rows:
+-----------------+------------+
|   total_revenue |   order_id |
+=================+============+
|         1018.04 |     117881 |
+-----------------+------------+
|         1020.89 |      12496 |
+-----------------+------------+
|         1097.21 |      41055 |
+-----------------+------------+
|         1123.85 |      34657 |
+-----------------+------------+
|         1009.39 |      81739 |
+-----------------+------------+
|         1349.94 |     101820 |
+-----------------+------------+
|         1097.24 |     104481 |
+-----------------+------------+
|         1145.45 |      37658 |
+-----------------+------------+
|         1301.99 |      83157 |
+-----------------+------------+
|         1059.5  |     123464 |
+-----------------+------------+

 query_bigquery 8: Show me order details for orders over $1000 in value
Total Rows: 57
First 10 Rows:
+-----------------+------------+----------+------------+
|   total_revenue |   order_id | gender   | status     |
+=================+============+==========+============+
|         1018.04 |     117881 | M        | Returned   |
+-----------------+------------+----------+------------+
|         1020.89 |      12496 | M        | Returned   |
+-----------------+------------+----------+------------+
|         1097.21 |      41055 | M        | Processing |
+-----------------+------------+----------+------------+
|         1123.85 |      34657 | F        | Complete   |
+-----------------+------------+----------+------------+
|         1009.39 |      81739 | F        | Cancelled  |
+-----------------+------------+----------+------------+
|         1349.94 |     101820 | M        | Shipped    |
+-----------------+------------+----------+------------+
|         1097.24 |     104481 | M        | Complete   |
+-----------------+------------+----------+------------+
|         1145.45 |      37658 | M        | Cancelled  |
+-----------------+------------+----------+------------+
|         1301.99 |      83157 | M        | Complete   |
+-----------------+------------+----------+------------+
|         1059.5  |     123464 | M        | Processing |
+-----------------+------------+----------+------------+

 query_bigquery 9: Show me weekly sales revenue since the start of 2024
Total Rows: 55
First 10 Rows:
+-----------------+---------------------------+
|   total_revenue | ordered_date__week        |
+=================+===========================+
|         52537.1 | 2023-12-31 00:00:00+00:00 |
+-----------------+---------------------------+
|         65082.8 | 2024-01-07 00:00:00+00:00 |
+-----------------+---------------------------+
|         60134.2 | 2024-01-14 00:00:00+00:00 |
+-----------------+---------------------------+
|         60958.8 | 2024-01-21 00:00:00+00:00 |
+-----------------+---------------------------+
|         66576.4 | 2024-01-28 00:00:00+00:00 |
+-----------------+---------------------------+
|         59546.1 | 2024-02-04 00:00:00+00:00 |
+-----------------+---------------------------+
|         67867   | 2024-02-11 00:00:00+00:00 |
+-----------------+---------------------------+
|         64981.9 | 2024-02-18 00:00:00+00:00 |
+-----------------+---------------------------+
|         66929.6 | 2024-02-25 00:00:00+00:00 |
+-----------------+---------------------------+
|         71930.2 | 2024-03-03 00:00:00+00:00 |
+-----------------+---------------------------+
